# JRE version: OpenJDK Runtime Environment (20.0.1+9) (build 20.0.1+9-29)
# Java VM: OpenJDK 64-Bit Server VM (20.0.1+9-29, mixed mode, sharing, tiered, compressed oops, compressed class ptrs, g1 gc, windows-amd64)
GC Precious Log:
 CardTable entry size: 512
 Card Set container configuration: InlinePtr #cards 5 size 8 Array Of Cards #cards 12 size 40 Howl #buckets 4 coarsen threshold 1843 Howl Bitmap #cards 512 size 80 coarsen threshold 460 Card regions per heap region 1 cards per card region 2048
 CPUs: 12 total, 12 available
 Memory: 7563M
 Large Page Support: Disabled
 NUMA Support: Disabled
 Compressed Oops: Enabled (32-bit)
 Heap Region Size: 1M
 Heap Min Capacity: 8M
 Heap Initial Capacity: 120M
 Heap Max Capacity: 1892M
 Pre-touch: Disabled
 Parallel Workers: 10
 Concurrent Workers: 3
 Concurrent Refinement Workers: 10
 Periodic GC: Disabled
Heap:
 garbage-first heap   total 112640K, used 66347K [0x0000000089c00000, 0x0000000100000000)
  region size 1024K, 6 young (6144K), 2 survivors (2048K)
 Metaspace       used 114315K, committed 115328K, reserved 1179648K
  class space    used 14966K, committed 15424K, reserved 1048576K
GC Heap History (20 events):
Event: 16.631 GC heap before
{Heap before GC invocations=16 (full 0):
 garbage-first heap   total 86016K, used 75717K [0x0000000089c00000, 0x0000000100000000)
  region size 1024K, 38 young (38912K), 3 survivors (3072K)
 Metaspace       used 75784K, committed 76544K, reserved 1179648K
  class space    used 10350K, committed 10688K, reserved 1048576K
}
Event: 16.636 GC heap after
{Heap after GC invocations=17 (full 0):
 garbage-first heap   total 86016K, used 42107K [0x0000000089c00000, 0x0000000100000000)
  region size 1024K, 5 young (5120K), 5 survivors (5120K)
 Metaspace       used 75784K, committed 76544K, reserved 1179648K
  class space    used 10350K, committed 10688K, reserved 1048576K
}
Event: 17.281 GC heap before
{Heap before GC invocations=18 (full 0):
 garbage-first heap   total 86016K, used 74875K [0x0000000089c00000, 0x0000000100000000)
  region size 1024K, 37 young (37888K), 5 survivors (5120K)
 Metaspace       used 78544K, committed 79360K, reserved 1179648K
  class space    used 10739K, committed 11136K, reserved 1048576K
}
Event: 17.287 GC heap after
{Heap after GC invocations=19 (full 0):
 garbage-first heap   total 86016K, used 44662K [0x0000000089c00000, 0x0000000100000000)
  region size 1024K, 5 young (5120K), 5 survivors (5120K)
 Metaspace       used 78544K, committed 79360K, reserved 1179648K
  class space    used 10739K, committed 11136K, reserved 1048576K
}
Event: 17.815 GC heap before
{Heap before GC invocations=19 (full 0):
 garbage-first heap   total 86016K, used 75382K [0x0000000089c00000, 0x0000000100000000)
  region size 1024K, 35 young (35840K), 5 survivors (5120K)
 Metaspace       used 80606K, committed 81408K, reserved 1179648K
  class space    used 11042K, committed 11392K, reserved 1048576K
}
Event: 17.824 GC heap after
{Heap after GC invocations=20 (full 0):
 garbage-first heap   total 86016K, used 46278K [0x0000000089c00000, 0x0000000100000000)
  region size 1024K, 5 young (5120K), 5 survivors (5120K)
 Metaspace       used 80606K, committed 81408K, reserved 1179648K
  class space    used 11042K, committed 11392K, reserved 1048576K
}
Event: 20.340 GC heap before
{Heap before GC invocations=20 (full 0):
 garbage-first heap   total 86016K, used 74950K [0x0000000089c00000, 0x0000000100000000)
  region size 1024K, 33 young (33792K), 5 survivors (5120K)
 Metaspace       used 82612K, committed 83392K, reserved 1179648K
  class space    used 11333K, committed 11712K, reserved 1048576K
}
Event: 20.348 GC heap after
{Heap after GC invocations=21 (full 0):
 garbage-first heap   total 103424K, used 49117K [0x0000000089c00000, 0x0000000100000000)
  region size 1024K, 3 young (3072K), 3 survivors (3072K)
 Metaspace       used 82612K, committed 83392K, reserved 1179648K
  class space    used 11333K, committed 11712K, reserved 1048576K
}
Event: 36.198 GC heap before
{Heap before GC invocations=22 (full 0):
 garbage-first heap   total 103424K, used 92125K [0x0000000089c00000, 0x0000000100000000)
  region size 1024K, 46 young (47104K), 3 survivors (3072K)
 Metaspace       used 92575K, committed 93376K, reserved 1179648K
  class space    used 12636K, committed 12992K, reserved 1048576K
}
Event: 36.206 GC heap after
{Heap after GC invocations=23 (full 0):
 garbage-first heap   total 103424K, used 53248K [0x0000000089c00000, 0x0000000100000000)
  region size 1024K, 6 young (6144K), 6 survivors (6144K)
 Metaspace       used 92575K, committed 93376K, reserved 1179648K
  class space    used 12636K, committed 12992K, reserved 1048576K
}
Event: 37.341 GC heap before
{Heap before GC invocations=23 (full 0):
 garbage-first heap   total 103424K, used 90112K [0x0000000089c00000, 0x0000000100000000)
  region size 1024K, 43 young (44032K), 6 survivors (6144K)
 Metaspace       used 102391K, committed 103296K, reserved 1179648K
  class space    used 13806K, committed 14208K, reserved 1048576K
}
Event: 37.353 GC heap after
{Heap after GC invocations=24 (full 0):
 garbage-first heap   total 105472K, used 58647K [0x0000000089c00000, 0x0000000100000000)
  region size 1024K, 6 young (6144K), 6 survivors (6144K)
 Metaspace       used 102391K, committed 103296K, reserved 1179648K
  class space    used 13806K, committed 14208K, reserved 1048576K
}
Event: 40.344 GC heap before
{Heap before GC invocations=24 (full 0):
 garbage-first heap   total 105472K, used 91415K [0x0000000089c00000, 0x0000000100000000)
  region size 1024K, 39 young (39936K), 6 survivors (6144K)
 Metaspace       used 110880K, committed 111744K, reserved 1179648K
  class space    used 14640K, committed 15040K, reserved 1048576K
}
Event: 40.351 GC heap after
{Heap after GC invocations=25 (full 0):
 garbage-first heap   total 105472K, used 61124K [0x0000000089c00000, 0x0000000100000000)
  region size 1024K, 3 young (3072K), 3 survivors (3072K)
 Metaspace       used 110880K, committed 111744K, reserved 1179648K
  class space    used 14640K, committed 15040K, reserved 1048576K
}
Event: 84.602 GC heap before
{Heap before GC invocations=26 (full 0):
 garbage-first heap   total 106496K, used 93892K [0x0000000089c00000, 0x0000000100000000)
  region size 1024K, 35 young (35840K), 3 survivors (3072K)
 Metaspace       used 114135K, committed 115136K, reserved 1179648K
  class space    used 14964K, committed 15424K, reserved 1048576K
}
Event: 84.607 GC heap after
{Heap after GC invocations=27 (full 0):
 garbage-first heap   total 106496K, used 63992K [0x0000000089c00000, 0x0000000100000000)
  region size 1024K, 5 young (5120K), 5 survivors (5120K)
 Metaspace       used 114135K, committed 115136K, reserved 1179648K
  class space    used 14964K, committed 15424K, reserved 1048576K
}
Event: 91.036 GC heap before
{Heap before GC invocations=27 (full 0):
 garbage-first heap   total 106496K, used 94712K [0x0000000089c00000, 0x0000000100000000)
  region size 1024K, 35 young (35840K), 5 survivors (5120K)
 Metaspace       used 114241K, committed 115200K, reserved 1179648K
  class space    used 14965K, committed 15424K, reserved 1048576K
}
Event: 91.043 GC heap after
{Heap after GC invocations=28 (full 0):
 garbage-first heap   total 106496K, used 63575K [0x0000000089c00000, 0x0000000100000000)
  region size 1024K, 3 young (3072K), 3 survivors (3072K)
 Metaspace       used 114241K, committed 115200K, reserved 1179648K
  class space    used 14965K, committed 15424K, reserved 1048576K
}
Event: 96.007 GC heap before
{Heap before GC invocations=28 (full 0):
 garbage-first heap   total 106496K, used 96343K [0x0000000089c00000, 0x0000000100000000)
  region size 1024K, 35 young (35840K), 3 survivors (3072K)
 Metaspace       used 114315K, committed 115328K, reserved 1179648K
  class space    used 14966K, committed 15424K, reserved 1048576K
}
Event: 96.011 GC heap after
{Heap after GC invocations=29 (full 0):
 garbage-first heap   total 106496K, used 63275K [0x0000000089c00000, 0x0000000100000000)
  region size 1024K, 2 young (2048K), 2 survivors (2048K)
 Metaspace       used 114315K, committed 115328K, reserved 1179648K
  class space    used 14966K, committed 15424K, reserved 1048576K
}

